2023-10-08 10:17:13.163 [INF] App server is starting.
2023-10-08 10:19:01.438 [INF] App server is starting.
2023-10-08 11:58:53.713 [INF] App server is starting.
2023-10-08 12:00:02.385 [INF] App server is starting.
2023-10-08 12:09:05.558 [INF] App server is starting.
2023-10-08 12:12:07.359 [INF] App server is starting.
2023-10-08 12:15:32.642 [INF] App server is starting.
2023-10-08 12:16:18.297 [INF] App server is starting.
2023-10-08 12:16:48.046 [INF] App server is starting.
2023-10-08 12:57:31.760 [INF] App server is starting.
2023-10-08 12:58:06.059 [INF] LogErrorHandlerMiddleware.Invoke
2023-10-08 12:58:06.064 [INF] HeartBeat
2023-10-08 12:58:06.066 [INF] LogRequestLoggingMiddleware.Invoke
2023-10-08 12:58:06.080 [WRN] Failed to determine the https port for redirect.
2023-10-08 12:58:06.179 [INF] -------------Request-Begin------------
2023-10-08 12:58:06.179 [INF] Http Request Information: 
Schema:http 
Host: localhost:5237 
Path: /vk/api/v1/MoneyTransfer/ByParameter 
QueryString:  
Request Body: 
2023-10-08 12:58:06.179 [INF] 

2023-10-08 12:58:06.179 [INF] Http Response Information: 
Schema:http 
Host: localhost:5237 
Path: /vk/api/v1/MoneyTransfer/ByParameter 
QueryString:  
StatusCode: 400 
Response Body: {"type":"https://tools.ietf.org/html/rfc7231#section-6.5.1","title":"One or more validation errors occurred.","status":400,"traceId":"00-a9610acee86a4462d21eb9fa1b7a0b0a-b095194aca538480-00","errors":{"description":["The description field is required."]}}
2023-10-08 12:58:06.179 [INF] -------------Request-End------------
2023-10-08 12:58:36.471 [INF] App server is starting.
2023-10-08 12:58:52.945 [INF] App server is starting.
2023-10-08 12:59:01.966 [INF] LogErrorHandlerMiddleware.Invoke
2023-10-08 12:59:01.973 [INF] HeartBeat
2023-10-08 12:59:01.974 [INF] LogRequestLoggingMiddleware.Invoke
2023-10-08 12:59:01.983 [WRN] Failed to determine the https port for redirect.
2023-10-08 12:59:26.774 [WRN] The 'bool' property 'IsActive' on entity type 'Account' is configured with a database-generated default. This default will always be used for inserts when the property has the value 'false', since this is the CLR default for the 'bool' type. Consider using the nullable 'bool?' type instead, so that the default will only be used for inserts when the property value is 'null'.
2023-10-08 12:59:26.776 [WRN] The 'bool' property 'IsActive' on entity type 'AccountTransaction' is configured with a database-generated default. This default will always be used for inserts when the property has the value 'false', since this is the CLR default for the 'bool' type. Consider using the nullable 'bool?' type instead, so that the default will only be used for inserts when the property value is 'null'.
2023-10-08 12:59:26.776 [WRN] The 'bool' property 'IsActive' on entity type 'Address' is configured with a database-generated default. This default will always be used for inserts when the property has the value 'false', since this is the CLR default for the 'bool' type. Consider using the nullable 'bool?' type instead, so that the default will only be used for inserts when the property value is 'null'.
2023-10-08 12:59:26.776 [WRN] The 'bool' property 'IsActive' on entity type 'Card' is configured with a database-generated default. This default will always be used for inserts when the property has the value 'false', since this is the CLR default for the 'bool' type. Consider using the nullable 'bool?' type instead, so that the default will only be used for inserts when the property value is 'null'.
2023-10-08 12:59:26.776 [WRN] The 'bool' property 'IsActive' on entity type 'Customer' is configured with a database-generated default. This default will always be used for inserts when the property has the value 'false', since this is the CLR default for the 'bool' type. Consider using the nullable 'bool?' type instead, so that the default will only be used for inserts when the property value is 'null'.
2023-10-08 12:59:26.776 [WRN] The 'bool' property 'IsActive' on entity type 'EftTransaction' is configured with a database-generated default. This default will always be used for inserts when the property has the value 'false', since this is the CLR default for the 'bool' type. Consider using the nullable 'bool?' type instead, so that the default will only be used for inserts when the property value is 'null'.
2023-10-08 12:59:42.175 [ERR] An error occurred using the connection to database 'vkdb' on server '192.168.18.230'.
2023-10-08 12:59:42.187 [ERR] An exception occurred while iterating over the results of a query for context type 'Vk.Data.Context.VkDbContext'.
Microsoft.Data.SqlClient.SqlException (0x80131904): A network-related or instance-specific error occurred while establishing a connection to SQL Server. The server was not found or was not accessible. Verify that the instance name is correct and that SQL Server is configured to allow remote connections. (provider: TCP Provider, error: 40 - Could not open a connection to SQL Server: Could not open a connection to SQL Server)
   at Microsoft.Data.SqlClient.SqlInternalConnection.OnError(SqlException exception, Boolean breakConnection, Action`1 wrapCloseInAction)
   at Microsoft.Data.SqlClient.TdsParser.ThrowExceptionAndWarning(TdsParserStateObject stateObj, Boolean callerHasConnectionLock, Boolean asyncClose)
   at Microsoft.Data.SqlClient.TdsParser.Connect(ServerInfo serverInfo, SqlInternalConnectionTds connHandler, Boolean ignoreSniOpenTimeout, Int64 timerExpire, SqlConnectionString connectionOptions, Boolean withFailover)
   at Microsoft.Data.SqlClient.SqlInternalConnectionTds.AttemptOneLogin(ServerInfo serverInfo, String newPassword, SecureString newSecurePassword, Boolean ignoreSniOpenTimeout, TimeoutTimer timeout, Boolean withFailover)
   at Microsoft.Data.SqlClient.SqlInternalConnectionTds.LoginNoFailover(ServerInfo serverInfo, String newPassword, SecureString newSecurePassword, Boolean redirectedUserInstance, SqlConnectionString connectionOptions, SqlCredential credential, TimeoutTimer timeout)
   at Microsoft.Data.SqlClient.SqlInternalConnectionTds.OpenLoginEnlist(TimeoutTimer timeout, SqlConnectionString connectionOptions, SqlCredential credential, String newPassword, SecureString newSecurePassword, Boolean redirectedUserInstance)
   at Microsoft.Data.SqlClient.SqlInternalConnectionTds..ctor(DbConnectionPoolIdentity identity, SqlConnectionString connectionOptions, SqlCredential credential, Object providerInfo, String newPassword, SecureString newSecurePassword, Boolean redirectedUserInstance, SqlConnectionString userConnectionOptions, SessionData reconnectSessionData, Boolean applyTransientFaultHandling, String accessToken, DbConnectionPool pool)
   at Microsoft.Data.SqlClient.SqlConnectionFactory.CreateConnection(DbConnectionOptions options, DbConnectionPoolKey poolKey, Object poolGroupProviderInfo, DbConnectionPool pool, DbConnection owningConnection, DbConnectionOptions userOptions)
   at Microsoft.Data.ProviderBase.DbConnectionFactory.CreatePooledConnection(DbConnectionPool pool, DbConnection owningObject, DbConnectionOptions options, DbConnectionPoolKey poolKey, DbConnectionOptions userOptions)
   at Microsoft.Data.ProviderBase.DbConnectionPool.CreateObject(DbConnection owningObject, DbConnectionOptions userOptions, DbConnectionInternal oldConnection)
   at Microsoft.Data.ProviderBase.DbConnectionPool.UserCreateRequest(DbConnection owningObject, DbConnectionOptions userOptions, DbConnectionInternal oldConnection)
   at Microsoft.Data.ProviderBase.DbConnectionPool.TryGetConnection(DbConnection owningObject, UInt32 waitForMultipleObjectsTimeout, Boolean allowCreate, Boolean onlyOneCheckConnection, DbConnectionOptions userOptions, DbConnectionInternal& connection)
   at Microsoft.Data.ProviderBase.DbConnectionPool.WaitForPendingOpen()
--- End of stack trace from previous location ---
   at Microsoft.EntityFrameworkCore.Storage.RelationalConnection.OpenInternalAsync(Boolean errorsExpected, CancellationToken cancellationToken)
   at Microsoft.EntityFrameworkCore.Storage.RelationalConnection.OpenInternalAsync(Boolean errorsExpected, CancellationToken cancellationToken)
   at Microsoft.EntityFrameworkCore.Storage.RelationalConnection.OpenAsync(CancellationToken cancellationToken, Boolean errorsExpected)
   at Microsoft.EntityFrameworkCore.Storage.RelationalCommand.ExecuteReaderAsync(RelationalCommandParameterObject parameterObject, CancellationToken cancellationToken)
   at Microsoft.EntityFrameworkCore.Query.Internal.SingleQueryingEnumerable`1.AsyncEnumerator.InitializeReaderAsync(AsyncEnumerator enumerator, CancellationToken cancellationToken)
   at Microsoft.EntityFrameworkCore.SqlServer.Storage.Internal.SqlServerExecutionStrategy.ExecuteAsync[TState,TResult](TState state, Func`4 operation, Func`4 verifySucceeded, CancellationToken cancellationToken)
   at Microsoft.EntityFrameworkCore.Query.Internal.SingleQueryingEnumerable`1.AsyncEnumerator.MoveNextAsync()
ClientConnectionId:00000000-0000-0000-0000-000000000000
Microsoft.Data.SqlClient.SqlException (0x80131904): A network-related or instance-specific error occurred while establishing a connection to SQL Server. The server was not found or was not accessible. Verify that the instance name is correct and that SQL Server is configured to allow remote connections. (provider: TCP Provider, error: 40 - Could not open a connection to SQL Server: Could not open a connection to SQL Server)
   at Microsoft.Data.SqlClient.SqlInternalConnection.OnError(SqlException exception, Boolean breakConnection, Action`1 wrapCloseInAction)
   at Microsoft.Data.SqlClient.TdsParser.ThrowExceptionAndWarning(TdsParserStateObject stateObj, Boolean callerHasConnectionLock, Boolean asyncClose)
   at Microsoft.Data.SqlClient.TdsParser.Connect(ServerInfo serverInfo, SqlInternalConnectionTds connHandler, Boolean ignoreSniOpenTimeout, Int64 timerExpire, SqlConnectionString connectionOptions, Boolean withFailover)
   at Microsoft.Data.SqlClient.SqlInternalConnectionTds.AttemptOneLogin(ServerInfo serverInfo, String newPassword, SecureString newSecurePassword, Boolean ignoreSniOpenTimeout, TimeoutTimer timeout, Boolean withFailover)
   at Microsoft.Data.SqlClient.SqlInternalConnectionTds.LoginNoFailover(ServerInfo serverInfo, String newPassword, SecureString newSecurePassword, Boolean redirectedUserInstance, SqlConnectionString connectionOptions, SqlCredential credential, TimeoutTimer timeout)
   at Microsoft.Data.SqlClient.SqlInternalConnectionTds.OpenLoginEnlist(TimeoutTimer timeout, SqlConnectionString connectionOptions, SqlCredential credential, String newPassword, SecureString newSecurePassword, Boolean redirectedUserInstance)
   at Microsoft.Data.SqlClient.SqlInternalConnectionTds..ctor(DbConnectionPoolIdentity identity, SqlConnectionString connectionOptions, SqlCredential credential, Object providerInfo, String newPassword, SecureString newSecurePassword, Boolean redirectedUserInstance, SqlConnectionString userConnectionOptions, SessionData reconnectSessionData, Boolean applyTransientFaultHandling, String accessToken, DbConnectionPool pool)
   at Microsoft.Data.SqlClient.SqlConnectionFactory.CreateConnection(DbConnectionOptions options, DbConnectionPoolKey poolKey, Object poolGroupProviderInfo, DbConnectionPool pool, DbConnection owningConnection, DbConnectionOptions userOptions)
   at Microsoft.Data.ProviderBase.DbConnectionFactory.CreatePooledConnection(DbConnectionPool pool, DbConnection owningObject, DbConnectionOptions options, DbConnectionPoolKey poolKey, DbConnectionOptions userOptions)
   at Microsoft.Data.ProviderBase.DbConnectionPool.CreateObject(DbConnection owningObject, DbConnectionOptions userOptions, DbConnectionInternal oldConnection)
   at Microsoft.Data.ProviderBase.DbConnectionPool.UserCreateRequest(DbConnection owningObject, DbConnectionOptions userOptions, DbConnectionInternal oldConnection)
   at Microsoft.Data.ProviderBase.DbConnectionPool.TryGetConnection(DbConnection owningObject, UInt32 waitForMultipleObjectsTimeout, Boolean allowCreate, Boolean onlyOneCheckConnection, DbConnectionOptions userOptions, DbConnectionInternal& connection)
   at Microsoft.Data.ProviderBase.DbConnectionPool.WaitForPendingOpen()
--- End of stack trace from previous location ---
   at Microsoft.EntityFrameworkCore.Storage.RelationalConnection.OpenInternalAsync(Boolean errorsExpected, CancellationToken cancellationToken)
   at Microsoft.EntityFrameworkCore.Storage.RelationalConnection.OpenInternalAsync(Boolean errorsExpected, CancellationToken cancellationToken)
   at Microsoft.EntityFrameworkCore.Storage.RelationalConnection.OpenAsync(CancellationToken cancellationToken, Boolean errorsExpected)
   at Microsoft.EntityFrameworkCore.Storage.RelationalCommand.ExecuteReaderAsync(RelationalCommandParameterObject parameterObject, CancellationToken cancellationToken)
   at Microsoft.EntityFrameworkCore.Query.Internal.SingleQueryingEnumerable`1.AsyncEnumerator.InitializeReaderAsync(AsyncEnumerator enumerator, CancellationToken cancellationToken)
   at Microsoft.EntityFrameworkCore.SqlServer.Storage.Internal.SqlServerExecutionStrategy.ExecuteAsync[TState,TResult](TState state, Func`4 operation, Func`4 verifySucceeded, CancellationToken cancellationToken)
   at Microsoft.EntityFrameworkCore.Query.Internal.SingleQueryingEnumerable`1.AsyncEnumerator.MoveNextAsync()
ClientConnectionId:00000000-0000-0000-0000-000000000000
2023-10-08 13:00:27.708 [FTL] Path=/vk/api/v1/MoneyTransfer/ByParameter || Method=GET || Exception=A network-related or instance-specific error occurred while establishing a connection to SQL Server. The server was not found or was not accessible. Verify that the instance name is correct and that SQL Server is configured to allow remote connections. (provider: TCP Provider, error: 40 - Could not open a connection to SQL Server: Could not open a connection to SQL Server)
2023-10-08 13:00:27.812 [ERR] An unhandled exception has occurred while executing the request.
System.ObjectDisposedException: Cannot access a disposed object.
Object name: 'The stream with Id 09000b31-acf8-4448-82de-de036f4d92bd and Tag  is disposed.'.
   at Microsoft.IO.RecyclableMemoryStream.ThrowDisposedException() in /_/src/RecyclableMemoryStream.cs:line 1453
   at Microsoft.IO.RecyclableMemoryStream.Write(Byte[] buffer, Int32 offset, Int32 count) in /_/src/RecyclableMemoryStream.cs:line 997
   at System.IO.MemoryStream.WriteAsync(ReadOnlyMemory`1 buffer, CancellationToken cancellationToken)
--- End of stack trace from previous location ---
   at System.IO.Pipelines.StreamPipeWriter.FlushAsyncInternal(Boolean writeToStream, ReadOnlyMemory`1 data, CancellationToken cancellationToken)
   at System.Runtime.CompilerServices.PoolingAsyncValueTaskMethodBuilder`1.StateMachineBox`1.System.Threading.Tasks.Sources.IValueTaskSource<TResult>.GetResult(Int16 token)
   at System.Threading.Tasks.ValueTask`1.GetTaskForValueTaskSource(IValueTaskSource`1 t)
--- End of stack trace from previous location ---
   at VkApi.Middleware.ErrorHandlerMiddleware.Invoke(HttpContext context) in /Users/recep/Ptk/pk-vkf/VkApi/VkApi/Middleware/ErrorHandlerMiddleware.cs:line 33
   at Swashbuckle.AspNetCore.SwaggerUI.SwaggerUIMiddleware.Invoke(HttpContext httpContext)
   at Swashbuckle.AspNetCore.Swagger.SwaggerMiddleware.Invoke(HttpContext httpContext, ISwaggerProvider swaggerProvider)
   at Microsoft.AspNetCore.Diagnostics.DeveloperExceptionPageMiddlewareImpl.Invoke(HttpContext context)
2023-10-08 13:00:28.398 [ERR] An exception was thrown attempting to display the error page.
System.ObjectDisposedException: Cannot access a disposed object.
Object name: 'The stream with Id 09000b31-acf8-4448-82de-de036f4d92bd and Tag  is disposed.'.
   at Microsoft.IO.RecyclableMemoryStream.ThrowDisposedException() in /_/src/RecyclableMemoryStream.cs:line 1453
   at Microsoft.IO.RecyclableMemoryStream.Write(Byte[] buffer, Int32 offset, Int32 count) in /_/src/RecyclableMemoryStream.cs:line 997
   at System.IO.MemoryStream.WriteAsync(ReadOnlyMemory`1 buffer, CancellationToken cancellationToken)
--- End of stack trace from previous location ---
   at System.IO.Pipelines.StreamPipeWriter.FlushAsyncInternal(Boolean writeToStream, ReadOnlyMemory`1 data, CancellationToken cancellationToken)
   at System.Runtime.CompilerServices.PoolingAsyncValueTaskMethodBuilder`1.StateMachineBox`1.System.Threading.Tasks.Sources.IValueTaskSource<TResult>.GetResult(Int16 token)
   at System.Threading.Tasks.ValueTask`1.GetTaskForValueTaskSource(IValueTaskSource`1 t)
--- End of stack trace from previous location ---
   at Microsoft.AspNetCore.Diagnostics.DeveloperExceptionPageMiddlewareImpl.DisplayExceptionContent(ErrorContext errorContext)
   at Microsoft.AspNetCore.Diagnostics.DeveloperExceptionPageMiddlewareImpl.Invoke(HttpContext context)
2023-10-08 13:00:28.401 [ERR] Connection id "0HMU7SKN41F8I", Request id "0HMU7SKN41F8I:00000003": An unhandled exception was thrown by the application.
System.ObjectDisposedException: Cannot access a disposed object.
Object name: 'The stream with Id 09000b31-acf8-4448-82de-de036f4d92bd and Tag  is disposed.'.
   at Microsoft.IO.RecyclableMemoryStream.ThrowDisposedException() in /_/src/RecyclableMemoryStream.cs:line 1453
   at Microsoft.IO.RecyclableMemoryStream.Write(Byte[] buffer, Int32 offset, Int32 count) in /_/src/RecyclableMemoryStream.cs:line 997
   at System.IO.MemoryStream.WriteAsync(ReadOnlyMemory`1 buffer, CancellationToken cancellationToken)
--- End of stack trace from previous location ---
   at System.IO.Pipelines.StreamPipeWriter.FlushAsyncInternal(Boolean writeToStream, ReadOnlyMemory`1 data, CancellationToken cancellationToken)
   at System.Runtime.CompilerServices.PoolingAsyncValueTaskMethodBuilder`1.StateMachineBox`1.System.Threading.Tasks.Sources.IValueTaskSource<TResult>.GetResult(Int16 token)
   at System.Threading.Tasks.ValueTask`1.GetTaskForValueTaskSource(IValueTaskSource`1 t)
--- End of stack trace from previous location ---
   at VkApi.Middleware.ErrorHandlerMiddleware.Invoke(HttpContext context) in /Users/recep/Ptk/pk-vkf/VkApi/VkApi/Middleware/ErrorHandlerMiddleware.cs:line 33
   at Swashbuckle.AspNetCore.SwaggerUI.SwaggerUIMiddleware.Invoke(HttpContext httpContext)
   at Swashbuckle.AspNetCore.Swagger.SwaggerMiddleware.Invoke(HttpContext httpContext, ISwaggerProvider swaggerProvider)
   at Microsoft.AspNetCore.Diagnostics.DeveloperExceptionPageMiddlewareImpl.Invoke(HttpContext context)
   at Microsoft.AspNetCore.Diagnostics.DeveloperExceptionPageMiddlewareImpl.Invoke(HttpContext context)
   at Microsoft.AspNetCore.Server.Kestrel.Core.Internal.Http.HttpProtocol.ProcessRequests[TContext](IHttpApplication`1 application)
2023-10-08 13:00:34.721 [INF] LogErrorHandlerMiddleware.Invoke
2023-10-08 13:00:34.721 [INF] HeartBeat
2023-10-08 13:00:34.722 [INF] LogRequestLoggingMiddleware.Invoke
2023-10-08 13:03:13.953 [INF] App server is starting.
2023-10-08 13:03:21.264 [INF] LogErrorHandlerMiddleware.Invoke
2023-10-08 13:03:21.277 [INF] HeartBeat
2023-10-08 13:03:21.278 [INF] LogRequestLoggingMiddleware.Invoke
2023-10-08 13:03:21.290 [WRN] Failed to determine the https port for redirect.
2023-10-08 13:03:26.271 [WRN] The 'bool' property 'IsActive' on entity type 'Account' is configured with a database-generated default. This default will always be used for inserts when the property has the value 'false', since this is the CLR default for the 'bool' type. Consider using the nullable 'bool?' type instead, so that the default will only be used for inserts when the property value is 'null'.
2023-10-08 13:03:26.273 [WRN] The 'bool' property 'IsActive' on entity type 'AccountTransaction' is configured with a database-generated default. This default will always be used for inserts when the property has the value 'false', since this is the CLR default for the 'bool' type. Consider using the nullable 'bool?' type instead, so that the default will only be used for inserts when the property value is 'null'.
2023-10-08 13:03:26.273 [WRN] The 'bool' property 'IsActive' on entity type 'Address' is configured with a database-generated default. This default will always be used for inserts when the property has the value 'false', since this is the CLR default for the 'bool' type. Consider using the nullable 'bool?' type instead, so that the default will only be used for inserts when the property value is 'null'.
2023-10-08 13:03:26.273 [WRN] The 'bool' property 'IsActive' on entity type 'Card' is configured with a database-generated default. This default will always be used for inserts when the property has the value 'false', since this is the CLR default for the 'bool' type. Consider using the nullable 'bool?' type instead, so that the default will only be used for inserts when the property value is 'null'.
2023-10-08 13:03:26.273 [WRN] The 'bool' property 'IsActive' on entity type 'Customer' is configured with a database-generated default. This default will always be used for inserts when the property has the value 'false', since this is the CLR default for the 'bool' type. Consider using the nullable 'bool?' type instead, so that the default will only be used for inserts when the property value is 'null'.
2023-10-08 13:03:26.273 [WRN] The 'bool' property 'IsActive' on entity type 'EftTransaction' is configured with a database-generated default. This default will always be used for inserts when the property has the value 'false', since this is the CLR default for the 'bool' type. Consider using the nullable 'bool?' type instead, so that the default will only be used for inserts when the property value is 'null'.
2023-10-08 13:06:09.012 [INF] App server is starting.
2023-10-08 13:06:33.162 [INF] LogErrorHandlerMiddleware.Invoke
2023-10-08 13:06:33.170 [INF] HeartBeat
2023-10-08 13:06:33.172 [INF] LogRequestLoggingMiddleware.Invoke
2023-10-08 13:06:33.194 [WRN] Failed to determine the https port for redirect.
2023-10-08 13:06:41.593 [WRN] The 'bool' property 'IsActive' on entity type 'Account' is configured with a database-generated default. This default will always be used for inserts when the property has the value 'false', since this is the CLR default for the 'bool' type. Consider using the nullable 'bool?' type instead, so that the default will only be used for inserts when the property value is 'null'.
2023-10-08 13:06:41.595 [WRN] The 'bool' property 'IsActive' on entity type 'AccountTransaction' is configured with a database-generated default. This default will always be used for inserts when the property has the value 'false', since this is the CLR default for the 'bool' type. Consider using the nullable 'bool?' type instead, so that the default will only be used for inserts when the property value is 'null'.
2023-10-08 13:06:41.595 [WRN] The 'bool' property 'IsActive' on entity type 'Address' is configured with a database-generated default. This default will always be used for inserts when the property has the value 'false', since this is the CLR default for the 'bool' type. Consider using the nullable 'bool?' type instead, so that the default will only be used for inserts when the property value is 'null'.
2023-10-08 13:06:41.595 [WRN] The 'bool' property 'IsActive' on entity type 'Card' is configured with a database-generated default. This default will always be used for inserts when the property has the value 'false', since this is the CLR default for the 'bool' type. Consider using the nullable 'bool?' type instead, so that the default will only be used for inserts when the property value is 'null'.
2023-10-08 13:06:41.595 [WRN] The 'bool' property 'IsActive' on entity type 'Customer' is configured with a database-generated default. This default will always be used for inserts when the property has the value 'false', since this is the CLR default for the 'bool' type. Consider using the nullable 'bool?' type instead, so that the default will only be used for inserts when the property value is 'null'.
2023-10-08 13:06:41.595 [WRN] The 'bool' property 'IsActive' on entity type 'EftTransaction' is configured with a database-generated default. This default will always be used for inserts when the property has the value 'false', since this is the CLR default for the 'bool' type. Consider using the nullable 'bool?' type instead, so that the default will only be used for inserts when the property value is 'null'.
2023-10-08 13:07:25.080 [INF] App server is starting.
2023-10-08 13:07:33.626 [INF] LogErrorHandlerMiddleware.Invoke
2023-10-08 13:07:33.633 [INF] HeartBeat
2023-10-08 13:07:33.634 [INF] LogRequestLoggingMiddleware.Invoke
2023-10-08 13:07:33.644 [WRN] Failed to determine the https port for redirect.
2023-10-08 13:07:42.433 [WRN] The 'bool' property 'IsActive' on entity type 'Account' is configured with a database-generated default. This default will always be used for inserts when the property has the value 'false', since this is the CLR default for the 'bool' type. Consider using the nullable 'bool?' type instead, so that the default will only be used for inserts when the property value is 'null'.
2023-10-08 13:07:42.435 [WRN] The 'bool' property 'IsActive' on entity type 'AccountTransaction' is configured with a database-generated default. This default will always be used for inserts when the property has the value 'false', since this is the CLR default for the 'bool' type. Consider using the nullable 'bool?' type instead, so that the default will only be used for inserts when the property value is 'null'.
2023-10-08 13:07:42.435 [WRN] The 'bool' property 'IsActive' on entity type 'Address' is configured with a database-generated default. This default will always be used for inserts when the property has the value 'false', since this is the CLR default for the 'bool' type. Consider using the nullable 'bool?' type instead, so that the default will only be used for inserts when the property value is 'null'.
2023-10-08 13:07:42.435 [WRN] The 'bool' property 'IsActive' on entity type 'Card' is configured with a database-generated default. This default will always be used for inserts when the property has the value 'false', since this is the CLR default for the 'bool' type. Consider using the nullable 'bool?' type instead, so that the default will only be used for inserts when the property value is 'null'.
2023-10-08 13:07:42.435 [WRN] The 'bool' property 'IsActive' on entity type 'Customer' is configured with a database-generated default. This default will always be used for inserts when the property has the value 'false', since this is the CLR default for the 'bool' type. Consider using the nullable 'bool?' type instead, so that the default will only be used for inserts when the property value is 'null'.
2023-10-08 13:07:42.435 [WRN] The 'bool' property 'IsActive' on entity type 'EftTransaction' is configured with a database-generated default. This default will always be used for inserts when the property has the value 'false', since this is the CLR default for the 'bool' type. Consider using the nullable 'bool?' type instead, so that the default will only be used for inserts when the property value is 'null'.
2023-10-08 13:07:53.248 [INF] -------------Request-Begin------------
2023-10-08 13:07:53.250 [INF] Http Request Information: 
Schema:http 
Host: localhost:5237 
Path: /vk/api/v1/MoneyTransfer/ByParameter 
QueryString:  
Request Body: 
2023-10-08 13:07:53.250 [INF] 

2023-10-08 13:07:53.250 [INF] Http Response Information: 
Schema:http 
Host: localhost:5237 
Path: /vk/api/v1/MoneyTransfer/ByParameter 
QueryString:  
StatusCode: 200 
Response Body: {"success":true,"message":"Success","response":[{"accountId":1,"referenceNumber":"713e3e35ec84448e8f6340f055631fd6","debitAmount":0.00,"creditAmount":50.00,"description":"striwerwerwerwerwerwerwerng","transactionDate":"2023-10-01T12:06:26.965016","transactionCode":"Virement","accountName":"Lucy1 Account 1","accountNumber":687567,"customerNumber":100001,"customerName":"Lucy 1 Sellen"},{"accountId":2,"referenceNumber":"713e3e35ec84448e8f6340f055631fd6","debitAmount":50.00,"creditAmount":0.00,"description":"striwerwerwerwerwerwerwerng","transactionDate":"2023-10-01T12:06:28.81069","transactionCode":"Virement","accountName":"Lucy1 Account 2","accountNumber":687568,"customerNumber":100001,"customerName":"Lucy 1 Sellen"},{"accountId":1,"referenceNumber":"45a78b8c3df1411faace2b98a1f711d2","debitAmount":0.00,"creditAmount":50.00,"description":"asdasdasdasdsadasdasdsadasd","transactionDate":"2023-10-01T12:18:58.145113","transactionCode":"Virement","accountName":"Lucy1 Account 1","accountNumber":687567,"customerNumber":100001,"customerName":"Lucy 1 Sellen"},{"accountId":2,"referenceNumber":"45a78b8c3df1411faace2b98a1f711d2","debitAmount":50.00,"creditAmount":0.00,"description":"asdasdasdasdsadasdasdsadasd","transactionDate":"2023-10-01T12:18:59.492197","transactionCode":"Virement","accountName":"Lucy1 Account 2","accountNumber":687568,"customerNumber":100001,"customerName":"Lucy 1 Sellen"}]}
2023-10-08 13:07:53.250 [INF] -------------Request-End------------
2023-10-08 13:08:59.491 [INF] LogErrorHandlerMiddleware.Invoke
2023-10-08 13:08:59.492 [INF] HeartBeat
2023-10-08 13:08:59.493 [INF] LogRequestLoggingMiddleware.Invoke
2023-10-08 13:09:29.639 [INF] -------------Request-Begin------------
2023-10-08 13:09:29.640 [INF] Http Request Information: 
Schema:http 
Host: localhost:5237 
Path: /vk/api/v1/MoneyTransfer/ByParameter 
QueryString: ?minAmount=1&maxAmount=500&description=erng 
Request Body: 
2023-10-08 13:09:29.640 [INF] 

2023-10-08 13:09:29.640 [INF] Http Response Information: 
Schema:http 
Host: localhost:5237 
Path: /vk/api/v1/MoneyTransfer/ByParameter 
QueryString: ?minAmount=1&maxAmount=500&description=erng 
StatusCode: 200 
Response Body: {"success":true,"message":"Success","response":[{"accountId":1,"referenceNumber":"713e3e35ec84448e8f6340f055631fd6","debitAmount":0.00,"creditAmount":50.00,"description":"striwerwerwerwerwerwerwerng","transactionDate":"2023-10-01T12:06:26.965016","transactionCode":"Virement","accountName":"Lucy1 Account 1","accountNumber":687567,"customerNumber":100001,"customerName":"Lucy 1 Sellen"},{"accountId":2,"referenceNumber":"713e3e35ec84448e8f6340f055631fd6","debitAmount":50.00,"creditAmount":0.00,"description":"striwerwerwerwerwerwerwerng","transactionDate":"2023-10-01T12:06:28.81069","transactionCode":"Virement","accountName":"Lucy1 Account 2","accountNumber":687568,"customerNumber":100001,"customerName":"Lucy 1 Sellen"}]}
2023-10-08 13:09:29.640 [INF] -------------Request-End------------
2023-10-08 13:09:59.100 [INF] LogErrorHandlerMiddleware.Invoke
2023-10-08 13:09:59.103 [INF] HeartBeat
2023-10-08 13:09:59.104 [INF] LogRequestLoggingMiddleware.Invoke
2023-10-08 13:10:01.513 [INF] -------------Request-Begin------------
2023-10-08 13:10:01.513 [INF] Http Request Information: 
Schema:http 
Host: localhost:5237 
Path: /vk/api/v1/MoneyTransfer/ByParameter 
QueryString: ?minAmount=1&description=erng 
Request Body: 
2023-10-08 13:10:01.513 [INF] 

2023-10-08 13:10:01.513 [INF] Http Response Information: 
Schema:http 
Host: localhost:5237 
Path: /vk/api/v1/MoneyTransfer/ByParameter 
QueryString: ?minAmount=1&description=erng 
StatusCode: 200 
Response Body: {"success":true,"message":"Success","response":[{"accountId":1,"referenceNumber":"713e3e35ec84448e8f6340f055631fd6","debitAmount":0.00,"creditAmount":50.00,"description":"striwerwerwerwerwerwerwerng","transactionDate":"2023-10-01T12:06:26.965016","transactionCode":"Virement","accountName":"Lucy1 Account 1","accountNumber":687567,"customerNumber":100001,"customerName":"Lucy 1 Sellen"},{"accountId":2,"referenceNumber":"713e3e35ec84448e8f6340f055631fd6","debitAmount":50.00,"creditAmount":0.00,"description":"striwerwerwerwerwerwerwerng","transactionDate":"2023-10-01T12:06:28.81069","transactionCode":"Virement","accountName":"Lucy1 Account 2","accountNumber":687568,"customerNumber":100001,"customerName":"Lucy 1 Sellen"}]}
2023-10-08 13:10:01.513 [INF] -------------Request-End------------
2023-10-08 13:10:14.884 [INF] LogErrorHandlerMiddleware.Invoke
2023-10-08 13:10:14.885 [INF] HeartBeat
2023-10-08 13:10:14.885 [INF] LogRequestLoggingMiddleware.Invoke
2023-10-08 13:10:17.944 [INF] -------------Request-Begin------------
2023-10-08 13:10:17.944 [INF] Http Request Information: 
Schema:http 
Host: localhost:5237 
Path: /vk/api/v1/MoneyTransfer/ByParameter 
QueryString: ?minAmount=1 
Request Body: 
2023-10-08 13:10:17.944 [INF] 

2023-10-08 13:10:17.944 [INF] Http Response Information: 
Schema:http 
Host: localhost:5237 
Path: /vk/api/v1/MoneyTransfer/ByParameter 
QueryString: ?minAmount=1 
StatusCode: 200 
Response Body: {"success":true,"message":"Success","response":[{"accountId":1,"referenceNumber":"713e3e35ec84448e8f6340f055631fd6","debitAmount":0.00,"creditAmount":50.00,"description":"striwerwerwerwerwerwerwerng","transactionDate":"2023-10-01T12:06:26.965016","transactionCode":"Virement","accountName":"Lucy1 Account 1","accountNumber":687567,"customerNumber":100001,"customerName":"Lucy 1 Sellen"},{"accountId":2,"referenceNumber":"713e3e35ec84448e8f6340f055631fd6","debitAmount":50.00,"creditAmount":0.00,"description":"striwerwerwerwerwerwerwerng","transactionDate":"2023-10-01T12:06:28.81069","transactionCode":"Virement","accountName":"Lucy1 Account 2","accountNumber":687568,"customerNumber":100001,"customerName":"Lucy 1 Sellen"},{"accountId":1,"referenceNumber":"45a78b8c3df1411faace2b98a1f711d2","debitAmount":0.00,"creditAmount":50.00,"description":"asdasdasdasdsadasdasdsadasd","transactionDate":"2023-10-01T12:18:58.145113","transactionCode":"Virement","accountName":"Lucy1 Account 1","accountNumber":687567,"customerNumber":100001,"customerName":"Lucy 1 Sellen"},{"accountId":2,"referenceNumber":"45a78b8c3df1411faace2b98a1f711d2","debitAmount":50.00,"creditAmount":0.00,"description":"asdasdasdasdsadasdasdsadasd","transactionDate":"2023-10-01T12:18:59.492197","transactionCode":"Virement","accountName":"Lucy1 Account 2","accountNumber":687568,"customerNumber":100001,"customerName":"Lucy 1 Sellen"}]}
2023-10-08 13:10:17.945 [INF] -------------Request-End------------
2023-10-08 13:41:30.327 [INF] App server is starting.
